12_01_16
Checking 38 policies for updates...
https://caputo.io has changed
Found 1 outdated policies
mail error: undefined
12_02_16
Checking 38 policies for updates...
Found 0 outdated policies
mail error: Error: 403
    at ClientRequest.<anonymous> (/Users/mcaputo/WebstormProjects/sentinel/node_modules/mailgun/mailgun.js:128:52)
    at ClientRequest.g (events.js:286:16)
    at emitOne (events.js:96:13)
    at ClientRequest.emit (events.js:188:7)
    at HTTPParser.parserOnIncomingClient [as onIncoming] (_http_client.js:469:21)
    at HTTPParser.parserOnHeadersComplete (_http_common.js:105:23)
    at TLSSocket.socketOnData (_http_client.js:359:20)
    at emitOne (events.js:96:13)
    at TLSSocket.emit (events.js:188:7)
    at readableAddChunk (_stream_readable.js:172:18)
12_02_16
Checking 38 policies for updates...
Found 0 outdated policies
mail error: Error: 403
    at ClientRequest.<anonymous> (/Users/mcaputo/WebstormProjects/sentinel/node_modules/mailgun/mailgun.js:128:52)
    at ClientRequest.g (events.js:286:16)
    at emitOne (events.js:96:13)
    at ClientRequest.emit (events.js:188:7)
    at HTTPParser.parserOnIncomingClient [as onIncoming] (_http_client.js:469:21)
    at HTTPParser.parserOnHeadersComplete (_http_common.js:105:23)
    at TLSSocket.socketOnData (_http_client.js:359:20)
    at emitOne (events.js:96:13)
    at TLSSocket.emit (events.js:188:7)
    at readableAddChunk (_stream_readable.js:172:18)
12_02_16
Checking 38 policies for updates...
Found 0 outdated policies
12_05_16
site: https://caputo.io
site: http://www.aetna.com/cpb/medical/data/800_899/0804.html
site: http://www.bcbsfl.com/DocumentLibrary/Providers/Content/Rx_PriorAuthorization.pdf
site: http://www.aetna.com/pharmacy-insurance/healthcare-professional/documents/Denosumab-Precert-Form.pdf
site: http://www.cigna.com/iwov-resources/medicare-2015/docs/prolia-coverage-determination.pdf
site: http://www.bcbsnc.com/assets/services/public/pdfs/formulary/prolia_xgeva_fax_form.pdf
site: https://www11.anthem.com/provider/noapplication/f0/s0/t0/pw_e174364.pdf
site: http://coventry-medicare.coventryhealthcare.com/web/groups/public/@cvty_medicare_coventrymedicare/documents/document/c106604.pdf
site: http://www.anthem.com/provider/noapplication/f0/s0/t0/pw_e174364.pdf
site: http://bcbst.com/members/metro-gov/pdf/New2011%20PA%20List%20METRO%20Gov%20TEMPLATE%20040111.pdf
site: http://anthem.com/provider/noapplication/f0/s0/t0/pw_e228625.pdf
site: https://provider.carefirst.com/carefirst-resources/provider/pdf/precertification-request-for-authorization-of-services-cut9233.pdf
site: http://specialtydrug.magellanprovider.com/media/43282/2016-08-form1-medication.pdf
site: http://specialtydrug.magellanprovider.com/media/32413/ihfaxform.pdf
site: http://ibx.com/pdfs/providers/pharmacy_information/prior_authorization/form_prior_auth_prolia_xgeva_ibc.pdf
site: https://www.geha.com/~/media/Files/Forms/Authorization-Forms/bariatric.pdf
site: https://www.geha.com/~/media/Files/Forms/Authorization-Forms/blepharoplasty.pdf
site: https://www.geha.com/~/media/Files/Forms/Authorization-Forms/breast_reduction.pdf
site: https://www.geha.com/~/media/Files/Forms/Authorization-Forms/chelating.pdf
site: https://www.geha.com/~/media/Files/Forms/Authorization-Forms/Dialysis.pdf
site: https://www.geha.com/~/media/Files/Forms/Authorization-Forms/DME.pdf
site: https://www.geha.com/~/media/Files/Forms/Authorization-Forms/nasal_surgeries.pdf
site: https://www.geha.com/~/media/Files/Forms/Authorization-Forms/PainManage.pdf
site: https://www.geha.com/~/media/Files/Forms/Authorization-Forms/panniculectomy.pdf
site: https://www.geha.com/~/media/Files/Forms/Authorization-Forms/Prosthetic_device.pdf
site: https://www.geha.com/~/media/Files/Forms/Authorization-Forms/PsychTesting.pdf
site: https://www.geha.com/~/media/Files/Forms/Authorization-Forms/SpinalFusion.pdf
site: https://www.geha.com/~/media/Files/Forms/Authorization-Forms/surgery_generic.pdf
site: https://www.geha.com/~/media/Files/Forms/Authorization-Forms/VeinSurgeries.pdf
site: https://www.geha.com/~/media/Files/Forms/Authorization-Forms/wound.pdf
site: http://www.mercycareplan.com/assets/pdf/Prolia_508.pdf
site: http://coventry-medicare.coventryhealthcare.com/web/groups/public/@cvty_medicare_coventrymedicare/documents/document/c106604.pdf
site: https://securews.bsneny.com/content/dam/BSNENY/Provider/Resources/Forms/PatientCareForms/middle%20of%20list/3265-3_Preauth_Outpatient%20Svcs_NENY_11-17-15%20%28fillable%29.pdf
site: https://www.empireblue.com/provider/noapplication/f4/s8/t4/pw_e206414.pdf
site: https://provider.medmutual.com/pdf/Z3323.pdf
site: https://www.upmchealthplan.com/docs/providers/PApdf/Prolia.pdf
site: https://www.highmark.com/health/pdfs/forms/MM-056.pdf
site: https://www.ucare.org/providers/Documents/InjectableDrugPriorAuthRequestForm.pdf
Found 0 outdated policies
{ status: 400,
  message: 'A \'From\' phone number is required.',
  code: 21603,
  moreInfo: 'https://www.twilio.com/docs/errors/21603' }
12_05_16
site: https://caputo.io
site: http://www.aetna.com/cpb/medical/data/800_899/0804.html
site: http://www.bcbsfl.com/DocumentLibrary/Providers/Content/Rx_PriorAuthorization.pdf
site: http://www.aetna.com/pharmacy-insurance/healthcare-professional/documents/Denosumab-Precert-Form.pdf
site: http://www.cigna.com/iwov-resources/medicare-2015/docs/prolia-coverage-determination.pdf
site: http://www.bcbsnc.com/assets/services/public/pdfs/formulary/prolia_xgeva_fax_form.pdf
site: https://www11.anthem.com/provider/noapplication/f0/s0/t0/pw_e174364.pdf
site: http://coventry-medicare.coventryhealthcare.com/web/groups/public/@cvty_medicare_coventrymedicare/documents/document/c106604.pdf
site: http://www.anthem.com/provider/noapplication/f0/s0/t0/pw_e174364.pdf
site: http://bcbst.com/members/metro-gov/pdf/New2011%20PA%20List%20METRO%20Gov%20TEMPLATE%20040111.pdf
site: http://anthem.com/provider/noapplication/f0/s0/t0/pw_e228625.pdf
site: https://provider.carefirst.com/carefirst-resources/provider/pdf/precertification-request-for-authorization-of-services-cut9233.pdf
site: http://specialtydrug.magellanprovider.com/media/43282/2016-08-form1-medication.pdf
site: http://specialtydrug.magellanprovider.com/media/32413/ihfaxform.pdf
site: http://ibx.com/pdfs/providers/pharmacy_information/prior_authorization/form_prior_auth_prolia_xgeva_ibc.pdf
site: https://www.geha.com/~/media/Files/Forms/Authorization-Forms/bariatric.pdf
site: https://www.geha.com/~/media/Files/Forms/Authorization-Forms/blepharoplasty.pdf
site: https://www.geha.com/~/media/Files/Forms/Authorization-Forms/breast_reduction.pdf
site: https://www.geha.com/~/media/Files/Forms/Authorization-Forms/chelating.pdf
site: https://www.geha.com/~/media/Files/Forms/Authorization-Forms/Dialysis.pdf
site: https://www.geha.com/~/media/Files/Forms/Authorization-Forms/DME.pdf
site: https://www.geha.com/~/media/Files/Forms/Authorization-Forms/nasal_surgeries.pdf
site: https://www.geha.com/~/media/Files/Forms/Authorization-Forms/PainManage.pdf
site: https://www.geha.com/~/media/Files/Forms/Authorization-Forms/panniculectomy.pdf
site: https://www.geha.com/~/media/Files/Forms/Authorization-Forms/Prosthetic_device.pdf
site: https://www.geha.com/~/media/Files/Forms/Authorization-Forms/PsychTesting.pdf
site: https://www.geha.com/~/media/Files/Forms/Authorization-Forms/SpinalFusion.pdf
site: https://www.geha.com/~/media/Files/Forms/Authorization-Forms/surgery_generic.pdf
site: https://www.geha.com/~/media/Files/Forms/Authorization-Forms/VeinSurgeries.pdf
site: https://www.geha.com/~/media/Files/Forms/Authorization-Forms/wound.pdf
site: http://www.mercycareplan.com/assets/pdf/Prolia_508.pdf
site: http://coventry-medicare.coventryhealthcare.com/web/groups/public/@cvty_medicare_coventrymedicare/documents/document/c106604.pdf
site: https://securews.bsneny.com/content/dam/BSNENY/Provider/Resources/Forms/PatientCareForms/middle%20of%20list/3265-3_Preauth_Outpatient%20Svcs_NENY_11-17-15%20%28fillable%29.pdf
site: https://www.empireblue.com/provider/noapplication/f4/s8/t4/pw_e206414.pdf
site: https://provider.medmutual.com/pdf/Z3323.pdf
site: https://www.upmchealthplan.com/docs/providers/PApdf/Prolia.pdf
site: https://www.highmark.com/health/pdfs/forms/MM-056.pdf
site: https://www.ucare.org/providers/Documents/InjectableDrugPriorAuthRequestForm.pdf
Found 0 outdated policies
